2024-03-10 21:52:07 [main] INFO  tests.CertMainTest - 1000 个 json 证书add耗时 868 ms
2024-03-10 21:52:07 [main] INFO  tests.CertMainTest - 1000 个 json 证书verify耗时 6 ms
2024-03-10 21:52:07 [main] INFO  tests.CertMainTest - 1000 个 json 证书revoke耗时 9 ms
2024-03-10 21:52:07 [main] INFO  tests.CertMainTest - ==================分割线==================
2024-03-10 21:52:08 [main] INFO  tests.CertMainTest - 1000 个 protobuf 证书add耗时 761 ms
2024-03-10 21:52:08 [main] INFO  tests.CertMainTest - 1000 个 protobuf 证书verify耗时 9 ms
2024-03-10 21:52:08 [main] INFO  tests.CertMainTest - 1000 个 protobuf 证书revoke耗时 12 ms
2024-03-10 21:52:08 [main] INFO  tests.CertMainTest - ==================分割线==================
2024-03-10 21:52:09 [main] INFO  tests.CertMainTest - 1000 个 der 证书add耗时 692 ms
2024-03-10 21:52:09 [main] INFO  tests.CertMainTest - 1000 个 der 证书verify耗时 4 ms
2024-03-10 21:52:09 [main] INFO  tests.CertMainTest - 1000 个 der 证书revoke耗时 7 ms
2024-03-10 21:52:09 [main] INFO  tests.CertMainTest - ==================分割线==================
2024-03-10 21:52:11 [main] INFO  tests.CertMainTest - 1500 个 json 证书add耗时 1281 ms
2024-03-10 21:52:11 [main] INFO  tests.CertMainTest - 1500 个 json 证书verify耗时 7 ms
2024-03-10 21:52:11 [main] INFO  tests.CertMainTest - 1500 个 json 证书revoke耗时 10 ms
2024-03-10 21:52:11 [main] INFO  tests.CertMainTest - ==================分割线==================
2024-03-10 21:52:13 [main] INFO  tests.CertMainTest - 1500 个 protobuf 证书add耗时 1334 ms
2024-03-10 21:52:13 [main] INFO  tests.CertMainTest - 1500 个 protobuf 证书verify耗时 5 ms
2024-03-10 21:52:13 [main] INFO  tests.CertMainTest - 1500 个 protobuf 证书revoke耗时 10 ms
2024-03-10 21:52:13 [main] INFO  tests.CertMainTest - ==================分割线==================
2024-03-10 21:52:15 [main] INFO  tests.CertMainTest - 1500 个 der 证书add耗时 1340 ms
2024-03-10 21:52:15 [main] INFO  tests.CertMainTest - 1500 个 der 证书verify耗时 9 ms
2024-03-10 21:52:15 [main] INFO  tests.CertMainTest - 1500 个 der 证书revoke耗时 15 ms
2024-03-10 21:52:15 [main] INFO  tests.CertMainTest - ==================分割线==================
2024-03-10 21:52:18 [main] INFO  tests.CertMainTest - 2000 个 json 证书add耗时 1777 ms
2024-03-10 21:52:18 [main] INFO  tests.CertMainTest - 2000 个 json 证书verify耗时 9 ms
2024-03-10 21:52:18 [main] INFO  tests.CertMainTest - 2000 个 json 证书revoke耗时 15 ms
2024-03-10 21:52:18 [main] INFO  tests.CertMainTest - ==================分割线==================
2024-03-10 21:52:20 [main] INFO  tests.CertMainTest - 2000 个 protobuf 证书add耗时 1628 ms
2024-03-10 21:52:20 [main] INFO  tests.CertMainTest - 2000 个 protobuf 证书verify耗时 7 ms
2024-03-10 21:52:20 [main] INFO  tests.CertMainTest - 2000 个 protobuf 证书revoke耗时 12 ms
2024-03-10 21:52:20 [main] INFO  tests.CertMainTest - ==================分割线==================
2024-03-10 21:52:22 [main] INFO  tests.CertMainTest - 2000 个 der 证书add耗时 1330 ms
2024-03-10 21:52:22 [main] INFO  tests.CertMainTest - 2000 个 der 证书verify耗时 9 ms
2024-03-10 21:52:22 [main] INFO  tests.CertMainTest - 2000 个 der 证书revoke耗时 15 ms
2024-03-10 21:52:22 [main] INFO  tests.CertMainTest - ==================分割线==================
2024-03-10 21:52:25 [main] INFO  tests.CertMainTest - 2500 个 json 证书add耗时 1718 ms
2024-03-10 21:52:25 [main] INFO  tests.CertMainTest - 2500 个 json 证书verify耗时 13 ms
2024-03-10 21:52:25 [main] INFO  tests.CertMainTest - 2500 个 json 证书revoke耗时 16 ms
2024-03-10 21:52:25 [main] INFO  tests.CertMainTest - ==================分割线==================
2024-03-10 21:52:27 [main] INFO  tests.CertMainTest - 2500 个 protobuf 证书add耗时 1656 ms
2024-03-10 21:52:27 [main] INFO  tests.CertMainTest - 2500 个 protobuf 证书verify耗时 8 ms
2024-03-10 21:52:28 [main] INFO  tests.CertMainTest - 2500 个 protobuf 证书revoke耗时 13 ms
2024-03-10 21:52:28 [main] INFO  tests.CertMainTest - ==================分割线==================
2024-03-10 21:52:30 [main] INFO  tests.CertMainTest - 2500 个 der 证书add耗时 1919 ms
2024-03-10 21:52:30 [main] INFO  tests.CertMainTest - 2500 个 der 证书verify耗时 10 ms
2024-03-10 21:52:30 [main] INFO  tests.CertMainTest - 2500 个 der 证书revoke耗时 18 ms
2024-03-10 21:52:30 [main] INFO  tests.CertMainTest - ==================分割线==================
2024-03-10 21:52:33 [main] INFO  tests.CertMainTest - 3000 个 json 证书add耗时 1906 ms
2024-03-10 21:52:33 [main] INFO  tests.CertMainTest - 3000 个 json 证书verify耗时 11 ms
2024-03-10 21:52:33 [main] INFO  tests.CertMainTest - 3000 个 json 证书revoke耗时 18 ms
2024-03-10 21:52:33 [main] INFO  tests.CertMainTest - ==================分割线==================
2024-03-10 21:52:36 [main] INFO  tests.CertMainTest - 3000 个 protobuf 证书add耗时 1855 ms
2024-03-10 21:52:36 [main] INFO  tests.CertMainTest - 3000 个 protobuf 证书verify耗时 9 ms
2024-03-10 21:52:36 [main] INFO  tests.CertMainTest - 3000 个 protobuf 证书revoke耗时 15 ms
2024-03-10 21:52:36 [main] INFO  tests.CertMainTest - ==================分割线==================
2024-03-10 21:52:39 [main] INFO  tests.CertMainTest - 3000 个 der 证书add耗时 1829 ms
2024-03-10 21:52:39 [main] INFO  tests.CertMainTest - 3000 个 der 证书verify耗时 11 ms
2024-03-10 21:52:39 [main] INFO  tests.CertMainTest - 3000 个 der 证书revoke耗时 20 ms
2024-03-10 21:52:39 [main] INFO  tests.CertMainTest - ==================分割线==================
2024-03-10 21:52:42 [main] INFO  tests.CertMainTest - 3500 个 json 证书add耗时 2291 ms
2024-03-10 21:52:42 [main] INFO  tests.CertMainTest - 3500 个 json 证书verify耗时 13 ms
2024-03-10 21:52:42 [main] INFO  tests.CertMainTest - 3500 个 json 证书revoke耗时 21 ms
2024-03-10 21:52:42 [main] INFO  tests.CertMainTest - ==================分割线==================
2024-03-10 21:52:45 [main] INFO  tests.CertMainTest - 3500 个 protobuf 证书add耗时 2115 ms
2024-03-10 21:52:45 [main] INFO  tests.CertMainTest - 3500 个 protobuf 证书verify耗时 10 ms
2024-03-10 21:52:45 [main] INFO  tests.CertMainTest - 3500 个 protobuf 证书revoke耗时 19 ms
2024-03-10 21:52:45 [main] INFO  tests.CertMainTest - ==================分割线==================
2024-03-10 21:52:49 [main] INFO  tests.CertMainTest - 3500 个 der 证书add耗时 2140 ms
2024-03-10 21:52:49 [main] INFO  tests.CertMainTest - 3500 个 der 证书verify耗时 16 ms
2024-03-10 21:52:49 [main] INFO  tests.CertMainTest - 3500 个 der 证书revoke耗时 25 ms
2024-03-10 21:52:49 [main] INFO  tests.CertMainTest - ==================分割线==================
2024-03-10 21:52:52 [main] INFO  tests.CertMainTest - 4000 个 json 证书add耗时 2431 ms
2024-03-10 21:52:52 [main] INFO  tests.CertMainTest - 4000 个 json 证书verify耗时 14 ms
2024-03-10 21:52:52 [main] INFO  tests.CertMainTest - 4000 个 json 证书revoke耗时 25 ms
2024-03-10 21:52:52 [main] INFO  tests.CertMainTest - ==================分割线==================
2024-03-10 21:52:56 [main] INFO  tests.CertMainTest - 4000 个 protobuf 证书add耗时 2442 ms
2024-03-10 21:52:56 [main] INFO  tests.CertMainTest - 4000 个 protobuf 证书verify耗时 10 ms
2024-03-10 21:52:56 [main] INFO  tests.CertMainTest - 4000 个 protobuf 证书revoke耗时 19 ms
2024-03-10 21:52:56 [main] INFO  tests.CertMainTest - ==================分割线==================
2024-03-10 21:53:00 [main] INFO  tests.CertMainTest - 4000 个 der 证书add耗时 2442 ms
2024-03-10 21:53:00 [main] INFO  tests.CertMainTest - 4000 个 der 证书verify耗时 16 ms
2024-03-10 21:53:00 [main] INFO  tests.CertMainTest - 4000 个 der 证书revoke耗时 28 ms
2024-03-10 21:53:00 [main] INFO  tests.CertMainTest - ==================分割线==================
2024-03-10 21:53:04 [main] INFO  tests.CertMainTest - 4500 个 json 证书add耗时 2731 ms
2024-03-10 21:53:04 [main] INFO  tests.CertMainTest - 4500 个 json 证书verify耗时 14 ms
2024-03-10 21:53:04 [main] INFO  tests.CertMainTest - 4500 个 json 证书revoke耗时 32 ms
2024-03-10 21:53:04 [main] INFO  tests.CertMainTest - ==================分割线==================
2024-03-10 21:53:08 [main] INFO  tests.CertMainTest - 4500 个 protobuf 证书add耗时 2768 ms
2024-03-10 21:53:08 [main] INFO  tests.CertMainTest - 4500 个 protobuf 证书verify耗时 14 ms
2024-03-10 21:53:08 [main] INFO  tests.CertMainTest - 4500 个 protobuf 证书revoke耗时 23 ms
2024-03-10 21:53:08 [main] INFO  tests.CertMainTest - ==================分割线==================
2024-03-10 21:53:12 [main] INFO  tests.CertMainTest - 4500 个 der 证书add耗时 2757 ms
2024-03-10 21:53:12 [main] INFO  tests.CertMainTest - 4500 个 der 证书verify耗时 17 ms
2024-03-10 21:53:12 [main] INFO  tests.CertMainTest - 4500 个 der 证书revoke耗时 29 ms
2024-03-10 21:53:12 [main] INFO  tests.CertMainTest - ==================分割线==================
2024-03-10 21:53:17 [main] INFO  tests.CertMainTest - 5000 个 json 证书add耗时 3047 ms
2024-03-10 21:53:17 [main] INFO  tests.CertMainTest - 5000 个 json 证书verify耗时 18 ms
2024-03-10 21:53:17 [main] INFO  tests.CertMainTest - 5000 个 json 证书revoke耗时 29 ms
2024-03-10 21:53:17 [main] INFO  tests.CertMainTest - ==================分割线==================
2024-03-10 21:53:21 [main] INFO  tests.CertMainTest - 5000 个 protobuf 证书add耗时 3031 ms
2024-03-10 21:53:21 [main] INFO  tests.CertMainTest - 5000 个 protobuf 证书verify耗时 13 ms
2024-03-10 21:53:21 [main] INFO  tests.CertMainTest - 5000 个 protobuf 证书revoke耗时 23 ms
2024-03-10 21:53:21 [main] INFO  tests.CertMainTest - ==================分割线==================
2024-03-10 21:53:26 [main] INFO  tests.CertMainTest - 5000 个 der 证书add耗时 3098 ms
2024-03-10 21:53:26 [main] INFO  tests.CertMainTest - 5000 个 der 证书verify耗时 21 ms
2024-03-10 21:53:26 [main] INFO  tests.CertMainTest - 5000 个 der 证书revoke耗时 35 ms
2024-03-10 21:53:26 [main] INFO  tests.CertMainTest - ==================分割线==================
2024-03-10 21:53:31 [main] INFO  tests.CertMainTest - 5500 个 json 证书add耗时 3387 ms
2024-03-10 21:53:31 [main] INFO  tests.CertMainTest - 5500 个 json 证书verify耗时 17 ms
2024-03-10 21:53:31 [main] INFO  tests.CertMainTest - 5500 个 json 证书revoke耗时 30 ms
2024-03-10 21:53:31 [main] INFO  tests.CertMainTest - ==================分割线==================
2024-03-10 21:53:36 [main] INFO  tests.CertMainTest - 5500 个 protobuf 证书add耗时 3348 ms
2024-03-10 21:53:36 [main] INFO  tests.CertMainTest - 5500 个 protobuf 证书verify耗时 17 ms
2024-03-10 21:53:36 [main] INFO  tests.CertMainTest - 5500 个 protobuf 证书revoke耗时 28 ms
2024-03-10 21:53:36 [main] INFO  tests.CertMainTest - ==================分割线==================
2024-03-10 21:53:41 [main] INFO  tests.CertMainTest - 5500 个 der 证书add耗时 3405 ms
2024-03-10 21:53:41 [main] INFO  tests.CertMainTest - 5500 个 der 证书verify耗时 21 ms
2024-03-10 21:53:41 [main] INFO  tests.CertMainTest - 5500 个 der 证书revoke耗时 37 ms
2024-03-10 21:53:41 [main] INFO  tests.CertMainTest - ==================分割线==================
2024-03-10 21:53:47 [main] INFO  tests.CertMainTest - 6000 个 json 证书add耗时 3677 ms
2024-03-10 21:53:47 [main] INFO  tests.CertMainTest - 6000 个 json 证书verify耗时 18 ms
2024-03-10 21:53:47 [main] INFO  tests.CertMainTest - 6000 个 json 证书revoke耗时 32 ms
2024-03-10 21:53:47 [main] INFO  tests.CertMainTest - ==================分割线==================
2024-03-10 21:53:52 [main] INFO  tests.CertMainTest - 6000 个 protobuf 证书add耗时 3623 ms
2024-03-10 21:53:52 [main] INFO  tests.CertMainTest - 6000 个 protobuf 证书verify耗时 17 ms
2024-03-10 21:53:52 [main] INFO  tests.CertMainTest - 6000 个 protobuf 证书revoke耗时 32 ms
2024-03-10 21:53:52 [main] INFO  tests.CertMainTest - ==================分割线==================
2024-03-10 21:53:58 [main] INFO  tests.CertMainTest - 6000 个 der 证书add耗时 3667 ms
2024-03-10 21:53:58 [main] INFO  tests.CertMainTest - 6000 个 der 证书verify耗时 24 ms
2024-03-10 21:53:58 [main] INFO  tests.CertMainTest - 6000 个 der 证书revoke耗时 41 ms
2024-03-10 21:53:58 [main] INFO  tests.CertMainTest - ==================分割线==================
2024-03-10 21:54:04 [main] INFO  tests.CertMainTest - 6500 个 json 证书add耗时 3975 ms
2024-03-10 21:54:04 [main] INFO  tests.CertMainTest - 6500 个 json 证书verify耗时 21 ms
2024-03-10 21:54:04 [main] INFO  tests.CertMainTest - 6500 个 json 证书revoke耗时 34 ms
2024-03-10 21:54:04 [main] INFO  tests.CertMainTest - ==================分割线==================
2024-03-10 21:54:10 [main] INFO  tests.CertMainTest - 6500 个 protobuf 证书add耗时 3987 ms
2024-03-10 21:54:10 [main] INFO  tests.CertMainTest - 6500 个 protobuf 证书verify耗时 20 ms
2024-03-10 21:54:10 [main] INFO  tests.CertMainTest - 6500 个 protobuf 证书revoke耗时 33 ms
2024-03-10 21:54:10 [main] INFO  tests.CertMainTest - ==================分割线==================
2024-03-10 21:54:16 [main] INFO  tests.CertMainTest - 6500 个 der 证书add耗时 3947 ms
2024-03-10 21:54:16 [main] INFO  tests.CertMainTest - 6500 个 der 证书verify耗时 26 ms
2024-03-10 21:54:16 [main] INFO  tests.CertMainTest - 6500 个 der 证书revoke耗时 44 ms
2024-03-10 21:54:16 [main] INFO  tests.CertMainTest - ==================分割线==================
2024-03-10 21:54:22 [main] INFO  tests.CertMainTest - 7000 个 json 证书add耗时 4272 ms
2024-03-10 21:54:22 [main] INFO  tests.CertMainTest - 7000 个 json 证书verify耗时 23 ms
2024-03-10 21:54:22 [main] INFO  tests.CertMainTest - 7000 个 json 证书revoke耗时 38 ms
2024-03-10 21:54:22 [main] INFO  tests.CertMainTest - ==================分割线==================
2024-03-10 21:54:29 [main] INFO  tests.CertMainTest - 7000 个 protobuf 证书add耗时 4251 ms
2024-03-10 21:54:29 [main] INFO  tests.CertMainTest - 7000 个 protobuf 证书verify耗时 17 ms
2024-03-10 21:54:29 [main] INFO  tests.CertMainTest - 7000 个 protobuf 证书revoke耗时 33 ms
2024-03-10 21:54:29 [main] INFO  tests.CertMainTest - ==================分割线==================
2024-03-10 21:54:35 [main] INFO  tests.CertMainTest - 7000 个 der 证书add耗时 4260 ms
2024-03-10 21:54:35 [main] INFO  tests.CertMainTest - 7000 个 der 证书verify耗时 29 ms
2024-03-10 21:54:35 [main] INFO  tests.CertMainTest - 7000 个 der 证书revoke耗时 49 ms
2024-03-10 21:54:35 [main] INFO  tests.CertMainTest - ==================分割线==================
2024-03-10 21:54:42 [main] INFO  tests.CertMainTest - 7500 个 json 证书add耗时 4555 ms
2024-03-10 21:54:42 [main] INFO  tests.CertMainTest - 7500 个 json 证书verify耗时 27 ms
2024-03-10 21:54:42 [main] INFO  tests.CertMainTest - 7500 个 json 证书revoke耗时 46 ms
2024-03-10 21:54:42 [main] INFO  tests.CertMainTest - ==================分割线==================
2024-03-10 21:54:49 [main] INFO  tests.CertMainTest - 7500 个 protobuf 证书add耗时 4553 ms
2024-03-10 21:54:49 [main] INFO  tests.CertMainTest - 7500 个 protobuf 证书verify耗时 20 ms
2024-03-10 21:54:49 [main] INFO  tests.CertMainTest - 7500 个 protobuf 证书revoke耗时 37 ms
2024-03-10 21:54:49 [main] INFO  tests.CertMainTest - ==================分割线==================
2024-03-10 21:54:56 [main] INFO  tests.CertMainTest - 7500 个 der 证书add耗时 4598 ms
2024-03-10 21:54:56 [main] INFO  tests.CertMainTest - 7500 个 der 证书verify耗时 28 ms
2024-03-10 21:54:56 [main] INFO  tests.CertMainTest - 7500 个 der 证书revoke耗时 50 ms
2024-03-10 21:54:56 [main] INFO  tests.CertMainTest - ==================分割线==================
2024-03-10 21:55:04 [main] INFO  tests.CertMainTest - 8000 个 json 证书add耗时 4986 ms
2024-03-10 21:55:04 [main] INFO  tests.CertMainTest - 8000 个 json 证书verify耗时 25 ms
2024-03-10 21:55:04 [main] INFO  tests.CertMainTest - 8000 个 json 证书revoke耗时 46 ms
2024-03-10 21:55:04 [main] INFO  tests.CertMainTest - ==================分割线==================
2024-03-10 21:55:11 [main] INFO  tests.CertMainTest - 8000 个 protobuf 证书add耗时 4948 ms
2024-03-10 21:55:11 [main] INFO  tests.CertMainTest - 8000 个 protobuf 证书verify耗时 20 ms
2024-03-10 21:55:11 [main] INFO  tests.CertMainTest - 8000 个 protobuf 证书revoke耗时 40 ms
2024-03-10 21:55:11 [main] INFO  tests.CertMainTest - ==================分割线==================
2024-03-10 21:55:19 [main] INFO  tests.CertMainTest - 8000 个 der 证书add耗时 4969 ms
2024-03-10 21:55:19 [main] INFO  tests.CertMainTest - 8000 个 der 证书verify耗时 33 ms
2024-03-10 21:55:19 [main] INFO  tests.CertMainTest - 8000 个 der 证书revoke耗时 60 ms
2024-03-10 21:55:19 [main] INFO  tests.CertMainTest - ==================分割线==================
2024-03-10 21:55:26 [main] INFO  tests.CertMainTest - 8500 个 json 证书add耗时 5202 ms
2024-03-10 21:55:27 [main] INFO  tests.CertMainTest - 8500 个 json 证书verify耗时 30 ms
2024-03-10 21:55:27 [main] INFO  tests.CertMainTest - 8500 个 json 证书revoke耗时 49 ms
2024-03-10 21:55:27 [main] INFO  tests.CertMainTest - ==================分割线==================
2024-03-10 21:55:34 [main] INFO  tests.CertMainTest - 8500 个 protobuf 证书add耗时 5198 ms
2024-03-10 21:55:34 [main] INFO  tests.CertMainTest - 8500 个 protobuf 证书verify耗时 24 ms
2024-03-10 21:55:34 [main] INFO  tests.CertMainTest - 8500 个 protobuf 证书revoke耗时 44 ms
2024-03-10 21:55:34 [main] INFO  tests.CertMainTest - ==================分割线==================
2024-03-10 21:55:42 [main] INFO  tests.CertMainTest - 8500 个 der 证书add耗时 5287 ms
2024-03-10 21:55:42 [main] INFO  tests.CertMainTest - 8500 个 der 证书verify耗时 35 ms
2024-03-10 21:55:42 [main] INFO  tests.CertMainTest - 8500 个 der 证书revoke耗时 61 ms
2024-03-10 21:55:42 [main] INFO  tests.CertMainTest - ==================分割线==================
2024-03-10 21:55:51 [main] INFO  tests.CertMainTest - 9000 个 json 证书add耗时 5576 ms
2024-03-10 21:55:51 [main] INFO  tests.CertMainTest - 9000 个 json 证书verify耗时 31 ms
2024-03-10 21:55:51 [main] INFO  tests.CertMainTest - 9000 个 json 证书revoke耗时 52 ms
2024-03-10 21:55:51 [main] INFO  tests.CertMainTest - ==================分割线==================
2024-03-10 21:55:59 [main] INFO  tests.CertMainTest - 9000 个 protobuf 证书add耗时 5508 ms
2024-03-10 21:55:59 [main] INFO  tests.CertMainTest - 9000 个 protobuf 证书verify耗时 25 ms
2024-03-10 21:55:59 [main] INFO  tests.CertMainTest - 9000 个 protobuf 证书revoke耗时 45 ms
2024-03-10 21:55:59 [main] INFO  tests.CertMainTest - ==================分割线==================
2024-03-10 21:56:07 [main] INFO  tests.CertMainTest - 9000 个 der 证书add耗时 5529 ms
2024-03-10 21:56:07 [main] INFO  tests.CertMainTest - 9000 个 der 证书verify耗时 35 ms
2024-03-10 21:56:08 [main] INFO  tests.CertMainTest - 9000 个 der 证书revoke耗时 62 ms
2024-03-10 21:56:08 [main] INFO  tests.CertMainTest - ==================分割线==================
2024-03-10 21:56:16 [main] INFO  tests.CertMainTest - 9500 个 json 证书add耗时 5797 ms
2024-03-10 21:56:16 [main] INFO  tests.CertMainTest - 9500 个 json 证书verify耗时 32 ms
2024-03-10 21:56:16 [main] INFO  tests.CertMainTest - 9500 个 json 证书revoke耗时 55 ms
2024-03-10 21:56:16 [main] INFO  tests.CertMainTest - ==================分割线==================
2024-03-10 21:56:25 [main] INFO  tests.CertMainTest - 9500 个 protobuf 证书add耗时 5774 ms
2024-03-10 21:56:25 [main] INFO  tests.CertMainTest - 9500 个 protobuf 证书verify耗时 26 ms
2024-03-10 21:56:25 [main] INFO  tests.CertMainTest - 9500 个 protobuf 证书revoke耗时 48 ms
2024-03-10 21:56:25 [main] INFO  tests.CertMainTest - ==================分割线==================
2024-03-10 21:56:34 [main] INFO  tests.CertMainTest - 9500 个 der 证书add耗时 5838 ms
2024-03-10 21:56:34 [main] INFO  tests.CertMainTest - 9500 个 der 证书verify耗时 37 ms
2024-03-10 21:56:34 [main] INFO  tests.CertMainTest - 9500 个 der 证书revoke耗时 64 ms
2024-03-10 21:56:34 [main] INFO  tests.CertMainTest - ==================分割线==================
2024-03-10 21:56:43 [main] INFO  tests.CertMainTest - 10000 个 json 证书add耗时 6230 ms
2024-03-10 21:56:43 [main] INFO  tests.CertMainTest - 10000 个 json 证书verify耗时 35 ms
2024-03-10 21:56:43 [main] INFO  tests.CertMainTest - 10000 个 json 证书revoke耗时 60 ms
2024-03-10 21:56:43 [main] INFO  tests.CertMainTest - ==================分割线==================
2024-03-10 21:56:52 [main] INFO  tests.CertMainTest - 10000 个 protobuf 证书add耗时 6147 ms
2024-03-10 21:56:52 [main] INFO  tests.CertMainTest - 10000 个 protobuf 证书verify耗时 29 ms
2024-03-10 21:56:53 [main] INFO  tests.CertMainTest - 10000 个 protobuf 证书revoke耗时 53 ms
2024-03-10 21:56:53 [main] INFO  tests.CertMainTest - ==================分割线==================
2024-03-10 21:57:02 [main] INFO  tests.CertMainTest - 10000 个 der 证书add耗时 6195 ms
2024-03-10 21:57:02 [main] INFO  tests.CertMainTest - 10000 个 der 证书verify耗时 38 ms
2024-03-10 21:57:02 [main] INFO  tests.CertMainTest - 10000 个 der 证书revoke耗时 66 ms
2024-03-10 21:57:02 [main] INFO  tests.CertMainTest - ==================分割线==================
